build/app/intermediates/manifest_merge_blame_file/developmentRelease/manifest-merger-blame-development-release-report.txt
1<?xml version="1.0" encoding="utf-8"?>
2<manifest xmlns:android="http://schemas.android.com/apk/res/android"
3    package="com.hoangnh.clean_architechture.dev"
4    android:versionCode="2"
5    android:versionName="1.0.0-dev" >
6
7    <uses-sdk
8        android:minSdkVersion="21"
8-->src/main/AndroidManifest.xml
9        android:targetSdkVersion="30" />
9-->src/main/AndroidManifest.xml
10
11    <uses-permission android:name="android.permission.ACCESS_NETWORK_STATE" />
11-->[:firebase_analytics] AndroidManifest.xml:7:5-79
11-->[:firebase_analytics] AndroidManifest.xml:7:22-76
12    <uses-permission android:name="android.permission.INTERNET" />
12-->[:firebase_analytics] AndroidManifest.xml:8:5-67
12-->[:firebase_analytics] AndroidManifest.xml:8:22-64
13    <uses-permission android:name="android.permission.WAKE_LOCK" />
13-->[:firebase_analytics] AndroidManifest.xml:9:5-68
13-->[:firebase_analytics] AndroidManifest.xml:9:22-65
14    <uses-permission android:name="com.google.android.finsky.permission.BIND_GET_INSTALL_REFERRER_SERVICE" />
14-->[com.google.android.gms:play-services-measurement:19.0.0] AndroidManifest.xml:26:5-110
14-->[com.google.android.gms:play-services-measurement:19.0.0] AndroidManifest.xml:26:22-107
15
16    <application
16-->src/main/AndroidManifest.xml:3:4-40:19
17        android:appComponentFactory="androidx.core.app.CoreComponentFactory"
17-->[androidx.core:core:1.1.0] AndroidManifest.xml:24:18-86
18        android:icon="@mipmap/ic_launcher"
18-->src/main/AndroidManifest.xml:5:9-43
19        android:label="clean_architechture" >
19-->src/main/AndroidManifest.xml:4:9-44
20        <activity
20-->src/main/AndroidManifest.xml:6:9-34:20
21            android:name="com.hoangnh.clean_architechture.MainActivity"
21-->src/main/AndroidManifest.xml:7:13-41
22            android:configChanges="orientation|keyboardHidden|keyboard|screenSize|smallestScreenSize|locale|layoutDirection|fontScale|screenLayout|density|uiMode"
22-->src/main/AndroidManifest.xml:10:13-163
23            android:hardwareAccelerated="true"
23-->src/main/AndroidManifest.xml:11:13-47
24            android:launchMode="singleTop"
24-->src/main/AndroidManifest.xml:8:13-43
25            android:theme="@style/LaunchTheme"
25-->src/main/AndroidManifest.xml:9:13-47
26            android:windowSoftInputMode="adjustResize" >
26-->src/main/AndroidManifest.xml:12:13-55
27
28            <!--
29                 Specifies an Android theme to apply to this Activity as soon as
30                 the Android process has started. This theme is visible to the user
31                 while the Flutter UI initializes. After that, this theme continues
32                 to determine the Window background behind the Flutter UI.
33            -->
34            <meta-data
34-->src/main/AndroidManifest.xml:17:13-20:17
35                android:name="io.flutter.embedding.android.NormalTheme"
35-->src/main/AndroidManifest.xml:18:15-70
36                android:resource="@style/NormalTheme" />
36-->src/main/AndroidManifest.xml:19:15-52
37            <!--
38                 Displays an Android View that continues showing the launch screen
39                 Drawable until Flutter paints its first frame, then this splash
40                 screen fades out. A splash screen is useful to avoid any visual
41                 gap between the end of Android's launch screen and the painting of
42                 Flutter's first frame.
43            -->
44            <meta-data
44-->src/main/AndroidManifest.xml:26:13-29:17
45                android:name="io.flutter.embedding.android.SplashScreenDrawable"
45-->src/main/AndroidManifest.xml:27:15-79
46                android:resource="@drawable/launch_background" />
46-->src/main/AndroidManifest.xml:28:15-61
47
48            <intent-filter>
48-->src/main/AndroidManifest.xml:30:13-33:29
49                <action android:name="android.intent.action.MAIN" />
49-->src/main/AndroidManifest.xml:31:17-68
49-->src/main/AndroidManifest.xml:31:25-66
50
51                <category android:name="android.intent.category.LAUNCHER" />
51-->src/main/AndroidManifest.xml:32:17-76
51-->src/main/AndroidManifest.xml:32:27-74
52            </intent-filter>
53        </activity>
54        <!--
55             Don't delete the meta-data below.
56             This is used by the Flutter tool to generate GeneratedPluginRegistrant.java
57        -->
58        <meta-data
58-->src/main/AndroidManifest.xml:37:9-39:33
59            android:name="flutterEmbedding"
59-->src/main/AndroidManifest.xml:38:13-44
60            android:value="2" />
60-->src/main/AndroidManifest.xml:39:13-30
61
62        <service
62-->[:firebase_crashlytics] AndroidManifest.xml:8:9-12:19
63            android:name="com.google.firebase.components.ComponentDiscoveryService"
63-->[:firebase_crashlytics] AndroidManifest.xml:8:18-89
64            android:directBootAware="true"
64-->[com.google.firebase:firebase-common:20.0.0] AndroidManifest.xml:35:13-43
65            android:exported="false" >
65-->[com.google.firebase:firebase-crashlytics:18.0.1] AndroidManifest.xml:17:13-37
66            <meta-data
66-->[:firebase_crashlytics] AndroidManifest.xml:9:13-11:85
67                android:name="com.google.firebase.components:io.flutter.plugins.firebase.crashlytics.FlutterFirebaseAppRegistrar"
67-->[:firebase_crashlytics] AndroidManifest.xml:10:17-130
68                android:value="com.google.firebase.components.ComponentRegistrar" />
68-->[:firebase_crashlytics] AndroidManifest.xml:11:17-82
69            <meta-data
69-->[:firebase_analytics] AndroidManifest.xml:13:13-15:85
70                android:name="com.google.firebase.components:io.flutter.plugins.firebaseanalytics.FlutterFirebaseAppRegistrar"
70-->[:firebase_analytics] AndroidManifest.xml:14:17-127
71                android:value="com.google.firebase.components.ComponentRegistrar" />
71-->[:firebase_analytics] AndroidManifest.xml:15:17-82
72            <meta-data
72-->[:firebase_core] AndroidManifest.xml:9:13-11:85
73                android:name="com.google.firebase.components:io.flutter.plugins.firebase.core.FlutterFirebaseCoreRegistrar"
73-->[:firebase_core] AndroidManifest.xml:10:17-124
74                android:value="com.google.firebase.components.ComponentRegistrar" />
74-->[:firebase_core] AndroidManifest.xml:11:17-82
75            <meta-data
75-->[com.google.firebase:firebase-crashlytics:18.0.1] AndroidManifest.xml:18:13-20:85
76                android:name="com.google.firebase.components:com.google.firebase.crashlytics.CrashlyticsRegistrar"
76-->[com.google.firebase:firebase-crashlytics:18.0.1] AndroidManifest.xml:19:17-115
77                android:value="com.google.firebase.components.ComponentRegistrar" />
77-->[com.google.firebase:firebase-crashlytics:18.0.1] AndroidManifest.xml:20:17-82
78            <meta-data
78-->[com.google.android.gms:play-services-measurement-api:19.0.0] AndroidManifest.xml:30:13-32:85
79                android:name="com.google.firebase.components:com.google.firebase.analytics.connector.internal.AnalyticsConnectorRegistrar"
79-->[com.google.android.gms:play-services-measurement-api:19.0.0] AndroidManifest.xml:31:17-139
80                android:value="com.google.firebase.components.ComponentRegistrar" />
80-->[com.google.android.gms:play-services-measurement-api:19.0.0] AndroidManifest.xml:32:17-82
81            <meta-data
81-->[com.google.firebase:firebase-installations:17.0.0] AndroidManifest.xml:18:13-20:85
82                android:name="com.google.firebase.components:com.google.firebase.installations.FirebaseInstallationsRegistrar"
82-->[com.google.firebase:firebase-installations:17.0.0] AndroidManifest.xml:19:17-127
83                android:value="com.google.firebase.components.ComponentRegistrar" />
83-->[com.google.firebase:firebase-installations:17.0.0] AndroidManifest.xml:20:17-82
84        </service>
85
86        <provider
86-->[com.google.firebase:firebase-common:20.0.0] AndroidManifest.xml:26:9-31:39
87            android:name="com.google.firebase.provider.FirebaseInitProvider"
87-->[com.google.firebase:firebase-common:20.0.0] AndroidManifest.xml:27:13-77
88            android:authorities="com.hoangnh.clean_architechture.dev.firebaseinitprovider"
88-->[com.google.firebase:firebase-common:20.0.0] AndroidManifest.xml:28:13-72
89            android:directBootAware="true"
89-->[com.google.firebase:firebase-common:20.0.0] AndroidManifest.xml:29:13-43
90            android:exported="false"
90-->[com.google.firebase:firebase-common:20.0.0] AndroidManifest.xml:30:13-37
91            android:initOrder="100" />
91-->[com.google.firebase:firebase-common:20.0.0] AndroidManifest.xml:31:13-36
92
93        <receiver
93-->[com.google.android.gms:play-services-measurement:19.0.0] AndroidManifest.xml:29:9-33:20
94            android:name="com.google.android.gms.measurement.AppMeasurementReceiver"
94-->[com.google.android.gms:play-services-measurement:19.0.0] AndroidManifest.xml:30:13-85
95            android:enabled="true"
95-->[com.google.android.gms:play-services-measurement:19.0.0] AndroidManifest.xml:31:13-35
96            android:exported="false" >
96-->[com.google.android.gms:play-services-measurement:19.0.0] AndroidManifest.xml:32:13-37
97        </receiver>
98
99        <service
99-->[com.google.android.gms:play-services-measurement:19.0.0] AndroidManifest.xml:35:9-38:40
100            android:name="com.google.android.gms.measurement.AppMeasurementService"
100-->[com.google.android.gms:play-services-measurement:19.0.0] AndroidManifest.xml:36:13-84
101            android:enabled="true"
101-->[com.google.android.gms:play-services-measurement:19.0.0] AndroidManifest.xml:37:13-35
102            android:exported="false" />
102-->[com.google.android.gms:play-services-measurement:19.0.0] AndroidManifest.xml:38:13-37
103        <service
103-->[com.google.android.gms:play-services-measurement:19.0.0] AndroidManifest.xml:39:9-43:72
104            android:name="com.google.android.gms.measurement.AppMeasurementJobService"
104-->[com.google.android.gms:play-services-measurement:19.0.0] AndroidManifest.xml:40:13-87
105            android:enabled="true"
105-->[com.google.android.gms:play-services-measurement:19.0.0] AndroidManifest.xml:41:13-35
106            android:exported="false"
106-->[com.google.android.gms:play-services-measurement:19.0.0] AndroidManifest.xml:42:13-37
107            android:permission="android.permission.BIND_JOB_SERVICE" />
107-->[com.google.android.gms:play-services-measurement:19.0.0] AndroidManifest.xml:43:13-69
108
109        <meta-data
109-->[com.google.android.gms:play-services-basement:17.0.0] AndroidManifest.xml:23:9-25:69
110            android:name="com.google.android.gms.version"
110-->[com.google.android.gms:play-services-basement:17.0.0] AndroidManifest.xml:24:13-58
111            android:value="@integer/google_play_services_version" />
111-->[com.google.android.gms:play-services-basement:17.0.0] AndroidManifest.xml:25:13-66
112
113        <service
113-->[com.google.android.datatransport:transport-backend-cct:3.0.0] AndroidManifest.xml:29:9-35:19
114            android:name="com.google.android.datatransport.runtime.backends.TransportBackendDiscovery"
114-->[com.google.android.datatransport:transport-backend-cct:3.0.0] AndroidManifest.xml:30:13-103
115            android:exported="false" >
115-->[com.google.android.datatransport:transport-backend-cct:3.0.0] AndroidManifest.xml:31:13-37
116            <meta-data
116-->[com.google.android.datatransport:transport-backend-cct:3.0.0] AndroidManifest.xml:32:13-34:39
117                android:name="backend:com.google.android.datatransport.cct.CctBackendFactory"
117-->[com.google.android.datatransport:transport-backend-cct:3.0.0] AndroidManifest.xml:33:17-94
118                android:value="cct" />
118-->[com.google.android.datatransport:transport-backend-cct:3.0.0] AndroidManifest.xml:34:17-36
119        </service>
120        <service
120-->[com.google.android.datatransport:transport-runtime:3.0.0] AndroidManifest.xml:26:9-30:19
121            android:name="com.google.android.datatransport.runtime.scheduling.jobscheduling.JobInfoSchedulerService"
121-->[com.google.android.datatransport:transport-runtime:3.0.0] AndroidManifest.xml:27:13-117
122            android:exported="false"
122-->[com.google.android.datatransport:transport-runtime:3.0.0] AndroidManifest.xml:28:13-37
123            android:permission="android.permission.BIND_JOB_SERVICE" >
123-->[com.google.android.datatransport:transport-runtime:3.0.0] AndroidManifest.xml:29:13-69
124        </service>
125
126        <receiver
126-->[com.google.android.datatransport:transport-runtime:3.0.0] AndroidManifest.xml:32:9-34:40
127            android:name="com.google.android.datatransport.runtime.scheduling.jobscheduling.AlarmManagerSchedulerBroadcastReceiver"
127-->[com.google.android.datatransport:transport-runtime:3.0.0] AndroidManifest.xml:33:13-132
128            android:exported="false" />
128-->[com.google.android.datatransport:transport-runtime:3.0.0] AndroidManifest.xml:34:13-37
129    </application>
130
131</manifest>